<?xml version="1.0" encoding="UTF-8"?>
<testsuite xmlns:xsi="http://www.w3.org/2001/XMLSchema-instance" xsi:noNamespaceSchemaLocation="https://maven.apache.org/surefire/maven-surefire-plugin/xsd/surefire-test-report-3.0.xsd" version="3.0" name="com.project.PR124mainTest" time="0.048" tests="10" errors="2" skipped="0" failures="0">
  <properties>
    <property name="java.specification.version" value="21"/>
    <property name="sun.jnu.encoding" value="UTF-8"/>
    <property name="java.class.path" value="/home/jessica/Escritorio/segundo/M6Acces_a_dades/DAM-M0486-RA1-PR1.2-Practica-Punt-Partida-25-26/target/test-classes:/home/jessica/Escritorio/segundo/M6Acces_a_dades/DAM-M0486-RA1-PR1.2-Practica-Punt-Partida-25-26/target/classes:/home/jessica/.m2/repository/org/xerial/sqlite-jdbc/3.46.1.0/sqlite-jdbc-3.46.1.0.jar:/home/jessica/.m2/repository/org/json/json/20240303/json-20240303.jar:/home/jessica/.m2/repository/org/slf4j/slf4j-api/2.0.3/slf4j-api-2.0.3.jar:/home/jessica/.m2/repository/org/slf4j/slf4j-simple/2.0.3/slf4j-simple-2.0.3.jar:/home/jessica/.m2/repository/org/junit/jupiter/junit-jupiter-api/5.9.3/junit-jupiter-api-5.9.3.jar:/home/jessica/.m2/repository/org/opentest4j/opentest4j/1.2.0/opentest4j-1.2.0.jar:/home/jessica/.m2/repository/org/junit/platform/junit-platform-commons/1.9.3/junit-platform-commons-1.9.3.jar:/home/jessica/.m2/repository/org/apiguardian/apiguardian-api/1.1.2/apiguardian-api-1.1.2.jar:/home/jessica/.m2/repository/org/junit/jupiter/junit-jupiter-engine/5.9.3/junit-jupiter-engine-5.9.3.jar:/home/jessica/.m2/repository/org/junit/platform/junit-platform-engine/1.9.3/junit-platform-engine-1.9.3.jar:"/>
    <property name="java.vm.vendor" value="Ubuntu"/>
    <property name="sun.arch.data.model" value="64"/>
    <property name="java.vendor.url" value="https://ubuntu.com/"/>
    <property name="os.name" value="Linux"/>
    <property name="java.vm.specification.version" value="21"/>
    <property name="sun.java.launcher" value="SUN_STANDARD"/>
    <property name="user.country" value="ES"/>
    <property name="sun.boot.library.path" value="/usr/lib/jvm/java-21-openjdk-amd64/lib"/>
    <property name="sun.java.command" value="/home/jessica/Escritorio/segundo/M6Acces_a_dades/DAM-M0486-RA1-PR1.2-Practica-Punt-Partida-25-26/target/surefire/surefirebooter1184355646383105507.jar /home/jessica/Escritorio/segundo/M6Acces_a_dades/DAM-M0486-RA1-PR1.2-Practica-Punt-Partida-25-26/target/surefire 2025-10-04T23-48-45_897-jvmRun1 surefire11245459765375703299tmp surefire_09213547256311196807tmp"/>
    <property name="jdk.debug" value="release"/>
    <property name="surefire.test.class.path" value="/home/jessica/Escritorio/segundo/M6Acces_a_dades/DAM-M0486-RA1-PR1.2-Practica-Punt-Partida-25-26/target/test-classes:/home/jessica/Escritorio/segundo/M6Acces_a_dades/DAM-M0486-RA1-PR1.2-Practica-Punt-Partida-25-26/target/classes:/home/jessica/.m2/repository/org/xerial/sqlite-jdbc/3.46.1.0/sqlite-jdbc-3.46.1.0.jar:/home/jessica/.m2/repository/org/json/json/20240303/json-20240303.jar:/home/jessica/.m2/repository/org/slf4j/slf4j-api/2.0.3/slf4j-api-2.0.3.jar:/home/jessica/.m2/repository/org/slf4j/slf4j-simple/2.0.3/slf4j-simple-2.0.3.jar:/home/jessica/.m2/repository/org/junit/jupiter/junit-jupiter-api/5.9.3/junit-jupiter-api-5.9.3.jar:/home/jessica/.m2/repository/org/opentest4j/opentest4j/1.2.0/opentest4j-1.2.0.jar:/home/jessica/.m2/repository/org/junit/platform/junit-platform-commons/1.9.3/junit-platform-commons-1.9.3.jar:/home/jessica/.m2/repository/org/apiguardian/apiguardian-api/1.1.2/apiguardian-api-1.1.2.jar:/home/jessica/.m2/repository/org/junit/jupiter/junit-jupiter-engine/5.9.3/junit-jupiter-engine-5.9.3.jar:/home/jessica/.m2/repository/org/junit/platform/junit-platform-engine/1.9.3/junit-platform-engine-1.9.3.jar:"/>
    <property name="sun.cpu.endian" value="little"/>
    <property name="user.home" value="/home/jessica"/>
    <property name="user.language" value="es"/>
    <property name="java.specification.vendor" value="Oracle Corporation"/>
    <property name="java.version.date" value="2025-07-15"/>
    <property name="java.home" value="/usr/lib/jvm/java-21-openjdk-amd64"/>
    <property name="file.separator" value="/"/>
    <property name="basedir" value="/home/jessica/Escritorio/segundo/M6Acces_a_dades/DAM-M0486-RA1-PR1.2-Practica-Punt-Partida-25-26"/>
    <property name="java.vm.compressedOopsMode" value="Zero based"/>
    <property name="line.separator" value="&#10;"/>
    <property name="java.specification.name" value="Java Platform API Specification"/>
    <property name="java.vm.specification.vendor" value="Oracle Corporation"/>
    <property name="surefire.real.class.path" value="/home/jessica/Escritorio/segundo/M6Acces_a_dades/DAM-M0486-RA1-PR1.2-Practica-Punt-Partida-25-26/target/surefire/surefirebooter1184355646383105507.jar"/>
    <property name="sun.management.compiler" value="HotSpot 64-Bit Tiered Compilers"/>
    <property name="java.runtime.version" value="21.0.8+9-Ubuntu-0ubuntu122.04.1"/>
    <property name="user.name" value="jessica"/>
    <property name="stdout.encoding" value="UTF-8"/>
    <property name="path.separator" value=":"/>
    <property name="os.version" value="6.8.0-85-generic"/>
    <property name="java.runtime.name" value="OpenJDK Runtime Environment"/>
    <property name="file.encoding" value="UTF-8"/>
    <property name="java.vm.name" value="OpenJDK 64-Bit Server VM"/>
    <property name="localRepository" value="/home/jessica/.m2/repository"/>
    <property name="java.vendor.url.bug" value="https://bugs.launchpad.net/ubuntu/+source/openjdk-21"/>
    <property name="java.io.tmpdir" value="/tmp"/>
    <property name="java.version" value="21.0.8"/>
    <property name="user.dir" value="/home/jessica/Escritorio/segundo/M6Acces_a_dades/DAM-M0486-RA1-PR1.2-Practica-Punt-Partida-25-26"/>
    <property name="os.arch" value="amd64"/>
    <property name="java.vm.specification.name" value="Java Virtual Machine Specification"/>
    <property name="native.encoding" value="UTF-8"/>
    <property name="java.library.path" value="/usr/java/packages/lib:/usr/lib/x86_64-linux-gnu/jni:/lib/x86_64-linux-gnu:/usr/lib/x86_64-linux-gnu:/usr/lib/jni:/lib:/usr/lib"/>
    <property name="java.vm.info" value="mixed mode, sharing"/>
    <property name="stderr.encoding" value="UTF-8"/>
    <property name="java.vendor" value="Ubuntu"/>
    <property name="java.vm.version" value="21.0.8+9-Ubuntu-0ubuntu122.04.1"/>
    <property name="sun.io.unicode.encoding" value="UnicodeLittle"/>
    <property name="java.class.version" value="65.0"/>
  </properties>
  <testcase name="testLecturaMultiplesRegistres" classname="com.project.PR124mainTest" time="0.013">
    <system-out><![CDATA[Estudiant afegit correctament.
Estudiant afegit correctament.
Estudiant afegit correctament.
Estudiant afegit correctament.
Estudiant afegit correctament.
Estudiant afegit correctament.
Estudiant afegit correctament.
Estudiant afegit correctament.
Estudiant afegit correctament.
Estudiant afegit correctament.
Estudiant afegit correctament.
Estudiant afegit correctament.
Estudiant afegit correctament.
Estudiant afegit correctament.
Estudiant afegit correctament.
Estudiant afegit correctament.
Estudiant afegit correctament.
Estudiant afegit correctament.
Estudiant afegit correctament.
Estudiant afegit correctament.
Estudiant afegit correctament.
Estudiant afegit correctament.
Estudiant afegit correctament.
Estudiant afegit correctament.
Estudiant afegit correctament.
Estudiant afegit correctament.
Estudiant afegit correctament.
Estudiant afegit correctament.
Estudiant afegit correctament.
Estudiant afegit correctament.
Estudiant afegit correctament.
Estudiant afegit correctament.
Estudiant afegit correctament.
Estudiant afegit correctament.
Estudiant afegit correctament.
Estudiant afegit correctament.
Estudiant afegit correctament.
Estudiant afegit correctament.
Estudiant afegit correctament.
Estudiant afegit correctament.
Estudiant afegit correctament.
Estudiant afegit correctament.
Estudiant afegit correctament.
Estudiant afegit correctament.
Estudiant afegit correctament.
Estudiant afegit correctament.
Estudiant afegit correctament.
Estudiant afegit correctament.
Estudiant afegit correctament.
Estudiant afegit correctament.
Estudiant afegit correctament.
Estudiant afegit correctament.
Estudiant afegit correctament.
Estudiant afegit correctament.
Estudiant afegit correctament.
Estudiant afegit correctament.
Estudiant afegit correctament.
Estudiant afegit correctament.
Estudiant afegit correctament.
Estudiant afegit correctament.
Estudiant afegit correctament.
Estudiant afegit correctament.
Estudiant afegit correctament.
Estudiant afegit correctament.
Estudiant afegit correctament.
Estudiant afegit correctament.
Estudiant afegit correctament.
Estudiant afegit correctament.
Estudiant afegit correctament.
Estudiant afegit correctament.
Estudiant afegit correctament.
Estudiant afegit correctament.
Estudiant afegit correctament.
Estudiant afegit correctament.
Estudiant afegit correctament.
Estudiant afegit correctament.
Estudiant afegit correctament.
Estudiant afegit correctament.
Estudiant afegit correctament.
Estudiant afegit correctament.
Estudiant afegit correctament.
Estudiant afegit correctament.
Estudiant afegit correctament.
Estudiant afegit correctament.
Estudiant afegit correctament.
Estudiant afegit correctament.
Estudiant afegit correctament.
Estudiant afegit correctament.
Estudiant afegit correctament.
Estudiant afegit correctament.
Estudiant afegit correctament.
Estudiant afegit correctament.
Estudiant afegit correctament.
Estudiant afegit correctament.
Estudiant afegit correctament.
Estudiant afegit correctament.
Estudiant afegit correctament.
Estudiant afegit correctament.
Estudiant afegit correctament.
Estudiant afegit correctament.
]]></system-out>
  </testcase>
  <testcase name="testLlistarEstudiants" classname="com.project.PR124mainTest" time="0.001">
    <system-out><![CDATA[Estudiant afegit correctament.
Estudiant afegit correctament.
]]></system-out>
  </testcase>
  <testcase name="testNomsAmbCaractersXinesos" classname="com.project.PR124mainTest" time="0.006">
    <system-out><![CDATA[Estudiant afegit correctament.
Estudiant afegit correctament.
]]></system-out>
  </testcase>
  <testcase name="testTruncamentNom" classname="com.project.PR124mainTest" time="0.005">
    <system-out><![CDATA[Estudiant afegit correctament.
]]></system-out>
  </testcase>
  <testcase name="testConsultarEstudiantNoExistent" classname="com.project.PR124mainTest" time="0.003">
    <system-out><![CDATA[Estudiant afegit correctament.
Estudiant afegit correctament.
No s'ha trobat l'estudiant amb registre: 3
]]></system-out>
  </testcase>
  <testcase name="testActualitzarNotaEstudiant" classname="com.project.PR124mainTest" time="0.002">
    <error type="java.io.IOException"><![CDATA[java.io.IOException: Descriptor de archivo erróneo
	at com.project.PR124mainTest.testActualitzarNotaEstudiant(PR124mainTest.java:77)
]]></error>
    <system-out><![CDATA[Estudiant afegit correctament.
]]></system-out>
  </testcase>
  <testcase name="testNomsAmbAccentsICaractersEspecials" classname="com.project.PR124mainTest" time="0.001">
    <system-out><![CDATA[Estudiant afegit correctament.
Estudiant afegit correctament.
]]></system-out>
  </testcase>
  <testcase name="testAfegirIConsultarEstudiant" classname="com.project.PR124mainTest" time="0.003">
    <system-out><![CDATA[Estudiant afegit correctament.
Registre: 1, Nom: Estudiant Test, Nota: 8.5
]]></system-out>
  </testcase>
  <testcase name="testActualitzarRegistreNoExistent" classname="com.project.PR124mainTest" time="0.002">
    <error type="java.io.FileNotFoundException"><![CDATA[java.io.FileNotFoundException: /tmp/junit17491647074973404737/PR124estudiants.dat (No existe el archivo o el directorio)
	at com.project.PR124mainTest.testActualitzarRegistreNoExistent(PR124mainTest.java:139)
]]></error>
  </testcase>
  <testcase name="testMidaRegistreCorrecte" classname="com.project.PR124mainTest" time="0.001">
    <system-out><![CDATA[Estudiant afegit correctament.
]]></system-out>
  </testcase>
</testsuite>